<?xml version="1.0" encoding="UTF-8"?>
<!-- Generated by org.testng.reporters.JUnitReportReporter -->
<testsuite skipped="0" hostname="WKWIN5777795" name="com.test.automation.PageObject.PageFactory.removeCart.RemoveProductFromCart" tests="1" failures="0" timestamp="11 Feb 2020 09:35:24 GMT" time="190.357" errors="0">
  <testcase name="removeProduct" time="190.357" classname="com.test.automation.PageObject.PageFactory.removeCart.RemoveProductFromCart"/>
</testsuite> <!-- com.test.automation.PageObject.PageFactory.removeCart.RemoveProductFromCart -->
